RecordsFile = src\main\resources\records.txt
QueriesFile = src\main\resources\queries.txt
OutputFile = src\main\resources\output.txt
Loading Records...
>>> Total Records:  1000000 Loaded in 10.81 Seconds  

Query             : [abjured, lion, oscillates]
New Word Frequency: {"Cesare": 1, "Eduardo": 1, "Fafnir": 1, "Hartley": 1, "Parisianizations": 1, "Siciliana": 1, "Tallahatchie": 1, "blazer": 1, "carbonates": 1, "cataract": 1, "crewing": 1, "crusader": 1, "customized": 1, "delegated": 1, "demountable": 1, "indexable": 1, "multiword": 1, "observes": 1, "pacts": 1, "raise": 1, "remonstrated": 1, "sanitation": 1, "sensing": 1, "surgical": 1, "wavefront": 1, "whipper": 1} 

Query             : [pacts, Emily, intractably]
New Word Frequency: {"acquiescence": 1, "alternations": 1, "bingo": 1, "deeding": 1, "moonlight": 1, "waterway": 1, "wealths": 1} 

Query             : [shrinkable, Whitlock, desecrate]
New Word Frequency: {"Gabon": 1, "Isolde": 1, "Lila": 1, "abuse": 1, "amatory": 1, "carbonates": 1, "exited": 1, "furious": 1, "observes": 1, "pion": 1, "safe": 1, "shuttling": 1} 

Query             : [locksmith, borax, discord]
New Word Frequency: {"Newport": 1, "adaptor": 1, "affirmed": 1, "limelight": 1, "observes": 1, "resented": 1, "waterway": 1} 

Query             : [Mussolini, secreting, timeout, unload]
New Word Frequency: {"littered": 1, "pledged": 1, "sphinx": 1, "terror": 1} 

Query             : [cousin, inclusive, fatiguing]
New Word Frequency: {"Edmondson": 1, "Newport": 1, "Verne": 1, "actuals": 1, "argument": 1, "deceptions": 1, "emigrating": 1, "invests": 1, "ledge": 1, "pester": 1, "recommend": 1, "repulsion": 1, "revive": 1} 

Query             : [Zennist, inclusive, locksmith]
New Word Frequency: {"erect": 1, "jitter": 1, "shrinkable": 1} 

Query             : [backscatters, look, whipper]
New Word Frequency: {"congregating": 1, "crewing": 1, "fathoms": 1, "influential": 1, "overshadowing": 1, "pledged": 1, "seasonings": 2, "several": 1, "summarily": 1, "timeout": 1} 

Query             : [distributions, erect, Bermuda]
New Word Frequency: {"Romanizer": 1, "Tijuana": 1, "Waco": 1, "Yuri": 1, "bowler": 1, "covenant": 1, "edible": 1, "explainers": 1, "freon": 1, "furious": 1, "haphazardly": 1, "harnessed": 1, "inaudible": 1, "petition": 1, "satyr": 1, "sweeping": 1, "terror": 1, "thinnest": 1, "touching": 1, "watching": 1, "waterproof": 1} 

Query             : [christen, Theodosian, abbreviation]
New Word Frequency: {"Paynes": 1, "befit": 1, "crusader": 1, "eavesdropper": 1, "engineers": 1, "faders": 1, "fill": 1, "liars": 1, "maintenances": 1, "resented": 1, "residence": 1, "responsive": 1, "tenor": 1, "wealths": 1} 

Query             : [familial, orchids, cutlet]
New Word Frequency: {"Kowalewski": 1, "Legendre": 1, "alternations": 1, "dubious": 1, "issued": 1, "patty": 2, "reef": 1, "sainthood": 1, "spell": 1} 

Query             : [counterfeited, differed, immemorial]
New Word Frequency: {"Albanian": 1, "liking": 1, "residence": 1} 

Query             : [overrules, glide, Alcmena]
New Word Frequency: {"Emily": 1, "Minneapolis": 1, "dashing": 1, "desperation": 1, "fluting": 1, "locksmith": 1, "perpendicularly": 1, "pion": 1, "precondition": 1, "swish": 1} 

Query             : [shuttled, possessiveness, Kurdish]
New Word Frequency: {"Theodosian": 1, "exercises": 1} 

Query             : [patty, overrules, toolers]
New Word Frequency: {"accusations": 1, "edible": 1, "egging": 1, "exited": 1, "pinochle": 1, "pulsar": 1, "recitations": 1} 

>>> Job took 14.351 Seconds to complete.
